<?xml version="1.0" encoding="UTF-8"?>
<testsuite xmlns:xsi="http://www.w3.org/2001/XMLSchema-instance" xsi:noNamespaceSchemaLocation="https://maven.apache.org/surefire/maven-surefire-plugin/xsd/surefire-test-report.xsd" name="com.oracle.documaker.ids.customrule.test.MyCustomRule_myCustomMethod_BadSysPropsTest" time="0.44" tests="4" errors="0" skipped="0" failures="0">
  <properties>
    <property name="gopherProxySet" value="false"/>
    <property name="awt.toolkit" value="sun.lwawt.macosx.LWCToolkit"/>
    <property name="file.encoding.pkg" value="sun.io"/>
    <property name="java.specification.version" value="1.8"/>
    <property name="sun.cpu.isalist" value=""/>
    <property name="sun.jnu.encoding" value="UTF-8"/>
    <property name="java.class.path" value="/Users/calittle/Library/Mobile Documents/com~apple~CloudDocs/Work/dev/ids/Custom Rule Template/target/test-classes:/Users/calittle/Library/Mobile Documents/com~apple~CloudDocs/Work/dev/ids/Custom Rule Template/target/classes:/Users/calittle/.m2/repository/org/junit/jupiter/junit-jupiter-api/5.7.1/junit-jupiter-api-5.7.1.jar:/Users/calittle/.m2/repository/org/apiguardian/apiguardian-api/1.1.0/apiguardian-api-1.1.0.jar:/Users/calittle/.m2/repository/org/opentest4j/opentest4j/1.2.0/opentest4j-1.2.0.jar:/Users/calittle/.m2/repository/org/junit/platform/junit-platform-commons/1.7.1/junit-platform-commons-1.7.1.jar:/Users/calittle/.m2/repository/org/junit/jupiter/junit-jupiter-engine/5.7.1/junit-jupiter-engine-5.7.1.jar:/Users/calittle/.m2/repository/org/junit/platform/junit-platform-engine/1.7.1/junit-platform-engine-1.7.1.jar:/Users/calittle/.m2/repository/com/ibm/db2/jcc/11.5.6.0/jcc-11.5.6.0.jar:/Users/calittle/.m2/repository/org/apache/maven/plugins/maven-shade-plugin/3.2.4/maven-shade-plugin-3.2.4.jar:/Users/calittle/.m2/repository/org/apache/maven/maven-plugin-api/3.0/maven-plugin-api-3.0.jar:/Users/calittle/.m2/repository/org/sonatype/sisu/sisu-inject-plexus/1.4.2/sisu-inject-plexus-1.4.2.jar:/Users/calittle/.m2/repository/org/sonatype/sisu/sisu-inject-bean/1.4.2/sisu-inject-bean-1.4.2.jar:/Users/calittle/.m2/repository/org/sonatype/sisu/sisu-guice/2.1.7/sisu-guice-2.1.7-noaop.jar:/Users/calittle/.m2/repository/org/apache/maven/maven-model/3.0/maven-model-3.0.jar:/Users/calittle/.m2/repository/org/apache/maven/maven-core/3.0/maven-core-3.0.jar:/Users/calittle/.m2/repository/org/apache/maven/maven-settings/3.0/maven-settings-3.0.jar:/Users/calittle/.m2/repository/org/apache/maven/maven-settings-builder/3.0/maven-settings-builder-3.0.jar:/Users/calittle/.m2/repository/org/apache/maven/maven-repository-metadata/3.0/maven-repository-metadata-3.0.jar:/Users/calittle/.m2/repository/org/apache/maven/maven-model-builder/3.0/maven-model-builder-3.0.jar:/Users/calittle/.m2/repository/org/apache/maven/maven-aether-provider/3.0/maven-aether-provider-3.0.jar:/Users/calittle/.m2/repository/org/sonatype/aether/aether-impl/1.7/aether-impl-1.7.jar:/Users/calittle/.m2/repository/org/sonatype/aether/aether-spi/1.7/aether-spi-1.7.jar:/Users/calittle/.m2/repository/org/sonatype/aether/aether-api/1.7/aether-api-1.7.jar:/Users/calittle/.m2/repository/org/sonatype/aether/aether-util/1.7/aether-util-1.7.jar:/Users/calittle/.m2/repository/org/codehaus/plexus/plexus-interpolation/1.14/plexus-interpolation-1.14.jar:/Users/calittle/.m2/repository/org/codehaus/plexus/plexus-classworlds/2.2.3/plexus-classworlds-2.2.3.jar:/Users/calittle/.m2/repository/org/codehaus/plexus/plexus-component-annotations/1.5.5/plexus-component-annotations-1.5.5.jar:/Users/calittle/.m2/repository/org/sonatype/plexus/plexus-sec-dispatcher/1.3/plexus-sec-dispatcher-1.3.jar:/Users/calittle/.m2/repository/org/sonatype/plexus/plexus-cipher/1.4/plexus-cipher-1.4.jar:/Users/calittle/.m2/repository/org/apache/maven/maven-artifact/3.0/maven-artifact-3.0.jar:/Users/calittle/.m2/repository/org/codehaus/plexus/plexus-utils/3.3.0/plexus-utils-3.3.0.jar:/Users/calittle/.m2/repository/org/apache/maven/shared/maven-artifact-transfer/0.12.0/maven-artifact-transfer-0.12.0.jar:/Users/calittle/.m2/repository/org/apache/maven/shared/maven-common-artifact-filters/3.0.1/maven-common-artifact-filters-3.0.1.jar:/Users/calittle/.m2/repository/org/apache/maven/shared/maven-shared-utils/3.1.0/maven-shared-utils-3.1.0.jar:/Users/calittle/.m2/repository/commons-codec/commons-codec/1.11/commons-codec-1.11.jar:/Users/calittle/.m2/repository/org/slf4j/slf4j-api/1.7.5/slf4j-api-1.7.5.jar:/Users/calittle/.m2/repository/org/ow2/asm/asm/8.0/asm-8.0.jar:/Users/calittle/.m2/repository/org/ow2/asm/asm-commons/8.0/asm-commons-8.0.jar:/Users/calittle/.m2/repository/org/ow2/asm/asm-tree/8.0/asm-tree-8.0.jar:/Users/calittle/.m2/repository/org/ow2/asm/asm-analysis/8.0/asm-analysis-8.0.jar:/Users/calittle/.m2/repository/org/jdom/jdom2/2.0.6/jdom2-2.0.6.jar:/Users/calittle/.m2/repository/org/apache/maven/shared/maven-dependency-tree/3.0.1/maven-dependency-tree-3.0.1.jar:/Users/calittle/.m2/repository/org/eclipse/aether/aether-util/0.9.0.M2/aether-util-0.9.0.M2.jar:/Users/calittle/.m2/repository/commons-io/commons-io/2.6/commons-io-2.6.jar:/Users/calittle/.m2/repository/org/vafer/jdependency/2.4.0/jdependency-2.4.0.jar:/Users/calittle/.m2/repository/org/ow2/asm/asm-util/8.0/asm-util-8.0.jar:/Users/calittle/.m2/repository/com/google/guava/guava/28.2-android/guava-28.2-android.jar:/Users/calittle/.m2/repository/com/google/guava/failureaccess/1.0.1/failureaccess-1.0.1.jar:/Users/calittle/.m2/repository/com/google/guava/listenablefuture/9999.0-empty-to-avoid-conflict-with-guava/listenablefuture-9999.0-empty-to-avoid-conflict-with-guava.jar:/Users/calittle/.m2/repository/com/google/code/findbugs/jsr305/3.0.2/jsr305-3.0.2.jar:/Users/calittle/.m2/repository/org/checkerframework/checker-compat-qual/2.5.5/checker-compat-qual-2.5.5.jar:/Users/calittle/.m2/repository/com/google/errorprone/error_prone_annotations/2.3.4/error_prone_annotations-2.3.4.jar:/Users/calittle/.m2/repository/com/google/j2objc/j2objc-annotations/1.3/j2objc-annotations-1.3.jar:/Users/calittle/.m2/repository/org/apache/commons/commons-lang3/3.7/commons-lang3-3.7.jar:/Users/calittle/.m2/repository/Docupresentment/DocumentServer/12.6/DocumentServer-12.6.jar:"/>
    <property name="java.vm.vendor" value="Oracle Corporation"/>
    <property name="sun.arch.data.model" value="64"/>
    <property name="java.vendor.url" value="http://java.oracle.com/"/>
    <property name="user.timezone" value=""/>
    <property name="java.vm.specification.version" value="1.8"/>
    <property name="os.name" value="Mac OS X"/>
    <property name="user.country" value="US"/>
    <property name="sun.java.launcher" value="SUN_STANDARD"/>
    <property name="sun.boot.library.path" value="/Library/Java/JavaVirtualMachines/jdk1.8.0_271.jdk/Contents/Home/jre/lib"/>
    <property name="sun.java.command" value="/Users/calittle/Library/Mobile Documents/com~apple~CloudDocs/Work/dev/ids/Custom Rule Template/target/surefire/surefirebooter502411938256637407.jar /Users/calittle/Library/Mobile Documents/com~apple~CloudDocs/Work/dev/ids/Custom Rule Template/target/surefire 2021-08-05T17-20-43_516-jvmRun1 surefire123586520374206689tmp surefire_07887211630335458394tmp"/>
    <property name="surefire.test.class.path" value="/Users/calittle/Library/Mobile Documents/com~apple~CloudDocs/Work/dev/ids/Custom Rule Template/target/test-classes:/Users/calittle/Library/Mobile Documents/com~apple~CloudDocs/Work/dev/ids/Custom Rule Template/target/classes:/Users/calittle/.m2/repository/org/junit/jupiter/junit-jupiter-api/5.7.1/junit-jupiter-api-5.7.1.jar:/Users/calittle/.m2/repository/org/apiguardian/apiguardian-api/1.1.0/apiguardian-api-1.1.0.jar:/Users/calittle/.m2/repository/org/opentest4j/opentest4j/1.2.0/opentest4j-1.2.0.jar:/Users/calittle/.m2/repository/org/junit/platform/junit-platform-commons/1.7.1/junit-platform-commons-1.7.1.jar:/Users/calittle/.m2/repository/org/junit/jupiter/junit-jupiter-engine/5.7.1/junit-jupiter-engine-5.7.1.jar:/Users/calittle/.m2/repository/org/junit/platform/junit-platform-engine/1.7.1/junit-platform-engine-1.7.1.jar:/Users/calittle/.m2/repository/com/ibm/db2/jcc/11.5.6.0/jcc-11.5.6.0.jar:/Users/calittle/.m2/repository/org/apache/maven/plugins/maven-shade-plugin/3.2.4/maven-shade-plugin-3.2.4.jar:/Users/calittle/.m2/repository/org/apache/maven/maven-plugin-api/3.0/maven-plugin-api-3.0.jar:/Users/calittle/.m2/repository/org/sonatype/sisu/sisu-inject-plexus/1.4.2/sisu-inject-plexus-1.4.2.jar:/Users/calittle/.m2/repository/org/sonatype/sisu/sisu-inject-bean/1.4.2/sisu-inject-bean-1.4.2.jar:/Users/calittle/.m2/repository/org/sonatype/sisu/sisu-guice/2.1.7/sisu-guice-2.1.7-noaop.jar:/Users/calittle/.m2/repository/org/apache/maven/maven-model/3.0/maven-model-3.0.jar:/Users/calittle/.m2/repository/org/apache/maven/maven-core/3.0/maven-core-3.0.jar:/Users/calittle/.m2/repository/org/apache/maven/maven-settings/3.0/maven-settings-3.0.jar:/Users/calittle/.m2/repository/org/apache/maven/maven-settings-builder/3.0/maven-settings-builder-3.0.jar:/Users/calittle/.m2/repository/org/apache/maven/maven-repository-metadata/3.0/maven-repository-metadata-3.0.jar:/Users/calittle/.m2/repository/org/apache/maven/maven-model-builder/3.0/maven-model-builder-3.0.jar:/Users/calittle/.m2/repository/org/apache/maven/maven-aether-provider/3.0/maven-aether-provider-3.0.jar:/Users/calittle/.m2/repository/org/sonatype/aether/aether-impl/1.7/aether-impl-1.7.jar:/Users/calittle/.m2/repository/org/sonatype/aether/aether-spi/1.7/aether-spi-1.7.jar:/Users/calittle/.m2/repository/org/sonatype/aether/aether-api/1.7/aether-api-1.7.jar:/Users/calittle/.m2/repository/org/sonatype/aether/aether-util/1.7/aether-util-1.7.jar:/Users/calittle/.m2/repository/org/codehaus/plexus/plexus-interpolation/1.14/plexus-interpolation-1.14.jar:/Users/calittle/.m2/repository/org/codehaus/plexus/plexus-classworlds/2.2.3/plexus-classworlds-2.2.3.jar:/Users/calittle/.m2/repository/org/codehaus/plexus/plexus-component-annotations/1.5.5/plexus-component-annotations-1.5.5.jar:/Users/calittle/.m2/repository/org/sonatype/plexus/plexus-sec-dispatcher/1.3/plexus-sec-dispatcher-1.3.jar:/Users/calittle/.m2/repository/org/sonatype/plexus/plexus-cipher/1.4/plexus-cipher-1.4.jar:/Users/calittle/.m2/repository/org/apache/maven/maven-artifact/3.0/maven-artifact-3.0.jar:/Users/calittle/.m2/repository/org/codehaus/plexus/plexus-utils/3.3.0/plexus-utils-3.3.0.jar:/Users/calittle/.m2/repository/org/apache/maven/shared/maven-artifact-transfer/0.12.0/maven-artifact-transfer-0.12.0.jar:/Users/calittle/.m2/repository/org/apache/maven/shared/maven-common-artifact-filters/3.0.1/maven-common-artifact-filters-3.0.1.jar:/Users/calittle/.m2/repository/org/apache/maven/shared/maven-shared-utils/3.1.0/maven-shared-utils-3.1.0.jar:/Users/calittle/.m2/repository/commons-codec/commons-codec/1.11/commons-codec-1.11.jar:/Users/calittle/.m2/repository/org/slf4j/slf4j-api/1.7.5/slf4j-api-1.7.5.jar:/Users/calittle/.m2/repository/org/ow2/asm/asm/8.0/asm-8.0.jar:/Users/calittle/.m2/repository/org/ow2/asm/asm-commons/8.0/asm-commons-8.0.jar:/Users/calittle/.m2/repository/org/ow2/asm/asm-tree/8.0/asm-tree-8.0.jar:/Users/calittle/.m2/repository/org/ow2/asm/asm-analysis/8.0/asm-analysis-8.0.jar:/Users/calittle/.m2/repository/org/jdom/jdom2/2.0.6/jdom2-2.0.6.jar:/Users/calittle/.m2/repository/org/apache/maven/shared/maven-dependency-tree/3.0.1/maven-dependency-tree-3.0.1.jar:/Users/calittle/.m2/repository/org/eclipse/aether/aether-util/0.9.0.M2/aether-util-0.9.0.M2.jar:/Users/calittle/.m2/repository/commons-io/commons-io/2.6/commons-io-2.6.jar:/Users/calittle/.m2/repository/org/vafer/jdependency/2.4.0/jdependency-2.4.0.jar:/Users/calittle/.m2/repository/org/ow2/asm/asm-util/8.0/asm-util-8.0.jar:/Users/calittle/.m2/repository/com/google/guava/guava/28.2-android/guava-28.2-android.jar:/Users/calittle/.m2/repository/com/google/guava/failureaccess/1.0.1/failureaccess-1.0.1.jar:/Users/calittle/.m2/repository/com/google/guava/listenablefuture/9999.0-empty-to-avoid-conflict-with-guava/listenablefuture-9999.0-empty-to-avoid-conflict-with-guava.jar:/Users/calittle/.m2/repository/com/google/code/findbugs/jsr305/3.0.2/jsr305-3.0.2.jar:/Users/calittle/.m2/repository/org/checkerframework/checker-compat-qual/2.5.5/checker-compat-qual-2.5.5.jar:/Users/calittle/.m2/repository/com/google/errorprone/error_prone_annotations/2.3.4/error_prone_annotations-2.3.4.jar:/Users/calittle/.m2/repository/com/google/j2objc/j2objc-annotations/1.3/j2objc-annotations-1.3.jar:/Users/calittle/.m2/repository/org/apache/commons/commons-lang3/3.7/commons-lang3-3.7.jar:/Users/calittle/.m2/repository/Docupresentment/DocumentServer/12.6/DocumentServer-12.6.jar:"/>
    <property name="sun.cpu.endian" value="little"/>
    <property name="user.home" value="/Users/calittle"/>
    <property name="user.language" value="en"/>
    <property name="java.specification.vendor" value="Oracle Corporation"/>
    <property name="java.home" value="/Library/Java/JavaVirtualMachines/jdk1.8.0_271.jdk/Contents/Home/jre"/>
    <property name="basedir" value="/Users/calittle/Library/Mobile Documents/com~apple~CloudDocs/Work/dev/ids/Custom Rule Template"/>
    <property name="file.separator" value="/"/>
    <property name="line.separator" value="&#10;"/>
    <property name="java.vm.specification.vendor" value="Oracle Corporation"/>
    <property name="java.specification.name" value="Java Platform API Specification"/>
    <property name="java.awt.graphicsenv" value="sun.awt.CGraphicsEnvironment"/>
    <property name="surefire.real.class.path" value="/Users/calittle/Library/Mobile Documents/com~apple~CloudDocs/Work/dev/ids/Custom Rule Template/target/surefire/surefirebooter502411938256637407.jar"/>
    <property name="sun.boot.class.path" value="/Library/Java/JavaVirtualMachines/jdk1.8.0_271.jdk/Contents/Home/jre/lib/resources.jar:/Library/Java/JavaVirtualMachines/jdk1.8.0_271.jdk/Contents/Home/jre/lib/rt.jar:/Library/Java/JavaVirtualMachines/jdk1.8.0_271.jdk/Contents/Home/jre/lib/sunrsasign.jar:/Library/Java/JavaVirtualMachines/jdk1.8.0_271.jdk/Contents/Home/jre/lib/jsse.jar:/Library/Java/JavaVirtualMachines/jdk1.8.0_271.jdk/Contents/Home/jre/lib/jce.jar:/Library/Java/JavaVirtualMachines/jdk1.8.0_271.jdk/Contents/Home/jre/lib/charsets.jar:/Library/Java/JavaVirtualMachines/jdk1.8.0_271.jdk/Contents/Home/jre/lib/jfr.jar:/Library/Java/JavaVirtualMachines/jdk1.8.0_271.jdk/Contents/Home/jre/classes"/>
    <property name="sun.management.compiler" value="HotSpot 64-Bit Tiered Compilers"/>
    <property name="java.runtime.version" value="1.8.0_271-b09"/>
    <property name="user.name" value="calittle"/>
    <property name="path.separator" value=":"/>
    <property name="os.version" value="10.16"/>
    <property name="java.endorsed.dirs" value="/Library/Java/JavaVirtualMachines/jdk1.8.0_271.jdk/Contents/Home/jre/lib/endorsed"/>
    <property name="java.runtime.name" value="Java(TM) SE Runtime Environment"/>
    <property name="file.encoding" value="UTF-8"/>
    <property name="java.vm.name" value="Java HotSpot(TM) 64-Bit Server VM"/>
    <property name="localRepository" value="/Users/calittle/.m2/repository"/>
    <property name="java.vendor.url.bug" value="http://bugreport.sun.com/bugreport/"/>
    <property name="java.io.tmpdir" value="/var/folders/4p/7cqng7r54nsfyqbn95yqbhsc0000gn/T/"/>
    <property name="idea.version" value="2021.1.3"/>
    <property name="java.version" value="1.8.0_271"/>
    <property name="user.dir" value="/Users/calittle/Library/Mobile Documents/com~apple~CloudDocs/Work/dev/ids/Custom Rule Template"/>
    <property name="os.arch" value="x86_64"/>
    <property name="java.vm.specification.name" value="Java Virtual Machine Specification"/>
    <property name="java.awt.printerjob" value="sun.lwawt.macosx.CPrinterJob"/>
    <property name="sun.os.patch.level" value="unknown"/>
    <property name="java.library.path" value="/Users/calittle/Library/Java/Extensions:/Library/Java/Extensions:/Network/Library/Java/Extensions:/System/Library/Java/Extensions:/usr/lib/java:."/>
    <property name="java.vm.info" value="mixed mode"/>
    <property name="java.vendor" value="Oracle Corporation"/>
    <property name="java.vm.version" value="25.271-b09"/>
    <property name="java.ext.dirs" value="/Users/calittle/Library/Java/Extensions:/Library/Java/JavaVirtualMachines/jdk1.8.0_271.jdk/Contents/Home/jre/lib/ext:/Library/Java/Extensions:/Network/Library/Java/Extensions:/System/Library/Java/Extensions:/usr/lib/java"/>
    <property name="sun.io.unicode.encoding" value="UnicodeBig"/>
    <property name="java.class.version" value="52.0"/>
  </properties>
  <testcase name="getEmployeesBadSysPropsInit" classname="com.oracle.documaker.ids.customrule.test.MyCustomRule_myCustomMethod_BadSysPropsTest" time="0.419"/>
  <testcase name="getEmployeesBadSysPropsForward" classname="com.oracle.documaker.ids.customrule.test.MyCustomRule_myCustomMethod_BadSysPropsTest" time="0.014"/>
  <testcase name="getEmployeesBadSysPropsReverse" classname="com.oracle.documaker.ids.customrule.test.MyCustomRule_myCustomMethod_BadSysPropsTest" time="0"/>
  <testcase name="getEmployeesBadSysPropsTerm" classname="com.oracle.documaker.ids.customrule.test.MyCustomRule_myCustomMethod_BadSysPropsTest" time="0"/>
</testsuite>